<?xml version="1.0" encoding="UTF-8"?>
<!-- Generated by org.testng.reporters.JUnitXMLReporter -->
<testsuite ignored="0" hostname="DESKTOP-UM56MIO" failures="1" tests="1" name="Command line test" time="24.099" errors="0" timestamp="2020-08-28T15:01:14 MSK">
  <testcase classname="ru.qa.ui.TestVodohodAuto" name="filtrerVodohod" time="14.343">
    <failure type="java.lang.ArithmeticException" message="/ by zero">
      <![CDATA[java.lang.ArithmeticException: / by zero
at ru.qa.ui.pageobject.MainBookingCruise.fillform(MainBookingCruise.java:154)
at ru.qa.ui.TestVodohodAuto.filtrerVodohod(TestVodohodAuto.java:18)
at org.springframework.test.context.testng.AbstractTestNGSpringContextTests.run(AbstractTestNGSpringContextTests.java:181)
at java.base/java.util.ArrayList.forEach(ArrayList.java:1511)
... Removed 39 stack frames]]>
    </failure>
  </testcase> <!-- filtrerVodohod -->
</testsuite> <!-- Command line test -->
