<?xml version="1.0" encoding="UTF-8" ?>
<testsuite tests="1" failures="1" name="TestSuite" time="14.354" errors="0" skipped="0">
  <properties>
[...]
</properties>
  <testcase classname="ru.qa.ui.TestVodohodAuto" name="filtrerVodohod" time="14.354">
    <failure message="/ by zero" type="java.lang.ArithmeticException">java.lang.ArithmeticException: / by zero
	at ru.qa.ui.pageobject.MainBookingCruise.fillform(MainBookingCruise.java:154)
	at ru.qa.ui.TestVodohodAuto.filtrerVodohod(TestVodohodAuto.java:18)
</failure>
    <system-out>Configuring TestNG with: org.apache.maven.surefire.testng.conf.TestNG652Configurator@21bcffb5
0
12
</system-out>
    <system-err>SLF4J: Failed to load class &quot;org.slf4j.impl.StaticLoggerBinder&quot;.
SLF4J: Defaulting to no-operation (NOP) logger implementation
SLF4J: See http://www.slf4j.org/codes.html#StaticLoggerBinder for further details.
1598616051769	geckodriver	INFO	Listening on 127.0.0.1:11757
1598616052399	mozrunner::runner	INFO	Running command: &quot;C:\\Program Files (x86)\\Mozilla Firefox\\firefox.exe&quot; &quot;--marionette&quot; &quot;--start-maximized&quot; &quot;-foreground&quot; &quot;-no-remote&quot; &quot;-profile&quot; &quot;C:\\Users\\I3100~1.GUB\\AppData\\Local\\Temp\\rust_mozprofileepEbCd&quot;
JavaScript error: resource://gre/modules/XULStore.jsm, line 66: Error: Can&apos;t find profile directory.
console.error: SearchCache: &quot;_readCacheFile: Error reading cache file:&quot; (new Error(&quot;&quot;, &quot;(unknown module)&quot;))
1598616054459	Marionette	INFO	Listening on port 52089
1598616054525	Marionette	WARN	TLS certificate errors will be ignored for this session
1598616054527	Marionette	INFO	Proxy settings initialised: {&quot;proxyType&quot;:&quot;manual&quot;,&quot;httpProxy&quot;:&quot;desktop-um56mio:52086&quot;,&quot;sslProxy&quot;:&quot;desktop-um56mio:52086&quot;}
���. 28, 2020 3:00:54 PM org.openqa.selenium.remote.ProtocolHandshake createSession
INFO: Detected dialect: W3C
JavaScript error: https://vodohod.com/cruises/filter/destination-is-vologda/apply/?sort=&amp;order= line 2 &gt; injectedScript, line 31: TypeError: t is undefined
JavaScript error: https://booking.vodohod.com/app/dist/js/app.0d083c16.js, line 1: Error: Error: Request failed with status code 400
JavaScript error: https://booking.vodohod.com/app/dist/js/chunk-vendors.6da311d5.js, line 1: Error: Request failed with status code 400
</system-err>
  </testcase>
</testsuite>