<?xml version="1.0" encoding="UTF-8"?>
<testng-results ignored="0" total="1" passed="0" failed="1" skipped="0">
  <reporter-output>
  </reporter-output>
  <suite started-at="2020-08-28T15:00:50 MSK" name="Command line suite" finished-at="2020-08-28T15:01:14 MSK" duration-ms="24099">
    <groups>
    </groups>
    <test started-at="2020-08-28T15:00:50 MSK" name="Command line test" finished-at="2020-08-28T15:01:14 MSK" duration-ms="24099">
      <class name="ru.qa.ui.TestVodohodAuto">
        <test-method is-config="true" signature="springTestContextBeforeTestClass()[pri:0, instance:ru.qa.ui.TestVodohodAuto@742ff096]" started-at="2020-08-28T15:00:50 MSK" name="springTestContextBeforeTestClass" finished-at="2020-08-28T15:00:50 MSK" duration-ms="10" status="PASS">
          <reporter-output>
          </reporter-output>
        </test-method> <!-- springTestContextBeforeTestClass -->
        <test-method is-config="true" signature="springTestContextPrepareTestInstance()[pri:0, instance:ru.qa.ui.TestVodohodAuto@742ff096]" started-at="2020-08-28T15:00:50 MSK" name="springTestContextPrepareTestInstance" finished-at="2020-08-28T15:00:54 MSK" depends-on-methods="org.springframework.test.context.testng.AbstractTestNGSpringContextTests.springTestContextBeforeTestClass" duration-ms="3933" status="PASS">
          <reporter-output>
          </reporter-output>
        </test-method> <!-- springTestContextPrepareTestInstance -->
        <test-method is-config="true" signature="springTestContextBeforeTestMethod(java.lang.reflect.Method)[pri:0, instance:ru.qa.ui.TestVodohodAuto@742ff096]" started-at="2020-08-28T15:00:54 MSK" name="springTestContextBeforeTestMethod" finished-at="2020-08-28T15:00:54 MSK" duration-ms="3" status="PASS">
          <params>
            <param index="0">
              <value>
                <![CDATA[public void ru.qa.ui.TestVodohodAuto.filtrerVodohod() throws java.lang.InterruptedException]]>
              </value>
            </param>
          </params>
          <reporter-output>
          </reporter-output>
        </test-method> <!-- springTestContextBeforeTestMethod -->
        <test-method is-config="true" signature="initBrowser()[pri:0, instance:ru.qa.ui.TestVodohodAuto@742ff096]" started-at="2020-08-28T15:00:54 MSK" name="initBrowser" finished-at="2020-08-28T15:00:59 MSK" duration-ms="4435" status="PASS">
          <reporter-output>
          </reporter-output>
        </test-method> <!-- initBrowser -->
        <test-method signature="filtrerVodohod()[pri:0, instance:ru.qa.ui.TestVodohodAuto@742ff096]" started-at="2020-08-28T15:00:59 MSK" name="filtrerVodohod" finished-at="2020-08-28T15:01:13 MSK" duration-ms="14343" status="FAIL">
          <exception class="java.lang.ArithmeticException">
            <message>
              <![CDATA[/ by zero]]>
            </message>
            <full-stacktrace>
              <![CDATA[java.lang.ArithmeticException: / by zero
at ru.qa.ui.pageobject.MainBookingCruise.fillform(MainBookingCruise.java:154)
at ru.qa.ui.TestVodohodAuto.filtrerVodohod(TestVodohodAuto.java:18)
at java.base/jdk.internal.reflect.NativeMethodAccessorImpl.invoke0(Native Method)
at java.base/jdk.internal.reflect.NativeMethodAccessorImpl.invoke(NativeMethodAccessorImpl.java:62)
at java.base/jdk.internal.reflect.DelegatingMethodAccessorImpl.invoke(DelegatingMethodAccessorImpl.java:43)
at java.base/java.lang.reflect.Method.invoke(Method.java:564)
at org.testng.internal.MethodInvocationHelper.invokeMethod(MethodInvocationHelper.java:134)
at org.testng.internal.MethodInvocationHelper$1.runTestMethod(MethodInvocationHelper.java:240)
at org.springframework.test.context.testng.AbstractTestNGSpringContextTests.run(AbstractTestNGSpringContextTests.java:181)
at org.testng.internal.MethodInvocationHelper.invokeHookable(MethodInvocationHelper.java:252)
at org.testng.internal.TestInvoker.invokeMethod(TestInvoker.java:593)
at org.testng.internal.TestInvoker.invokeTestMethod(TestInvoker.java:173)
at org.testng.internal.MethodRunner.runInSequence(MethodRunner.java:46)
at org.testng.internal.TestInvoker$MethodInvocationAgent.invoke(TestInvoker.java:816)
at org.testng.internal.TestInvoker.invokeTestMethods(TestInvoker.java:146)
at org.testng.internal.TestMethodWorker.invokeTestMethods(TestMethodWorker.java:146)
at org.testng.internal.TestMethodWorker.run(TestMethodWorker.java:128)
at java.base/java.util.ArrayList.forEach(ArrayList.java:1511)
at org.testng.TestRunner.privateRun(TestRunner.java:766)
at org.testng.TestRunner.run(TestRunner.java:587)
at org.testng.SuiteRunner.runTest(SuiteRunner.java:384)
at org.testng.SuiteRunner.runSequentially(SuiteRunner.java:378)
at org.testng.SuiteRunner.privateRun(SuiteRunner.java:337)
at org.testng.SuiteRunner.run(SuiteRunner.java:286)
at org.testng.SuiteRunnerWorker.runSuite(SuiteRunnerWorker.java:53)
at org.testng.SuiteRunnerWorker.run(SuiteRunnerWorker.java:96)
at org.testng.TestNG.runSuitesSequentially(TestNG.java:1187)
at org.testng.TestNG.runSuitesLocally(TestNG.java:1109)
at org.testng.TestNG.runSuites(TestNG.java:1039)
at org.testng.TestNG.run(TestNG.java:1007)
at org.apache.maven.surefire.testng.TestNGExecutor.run(TestNGExecutor.java:77)
at org.apache.maven.surefire.testng.TestNGDirectoryTestSuite.executeMulti(TestNGDirectoryTestSuite.java:159)
at org.apache.maven.surefire.testng.TestNGDirectoryTestSuite.execute(TestNGDirectoryTestSuite.java:99)
at org.apache.maven.surefire.testng.TestNGProvider.invoke(TestNGProvider.java:106)
at java.base/jdk.internal.reflect.NativeMethodAccessorImpl.invoke0(Native Method)
at java.base/jdk.internal.reflect.NativeMethodAccessorImpl.invoke(NativeMethodAccessorImpl.java:62)
at java.base/jdk.internal.reflect.DelegatingMethodAccessorImpl.invoke(DelegatingMethodAccessorImpl.java:43)
at java.base/java.lang.reflect.Method.invoke(Method.java:564)
at org.apache.maven.surefire.util.ReflectionUtils.invokeMethodWithArray(ReflectionUtils.java:189)
at org.apache.maven.surefire.booter.ProviderFactory$ProviderProxy.invoke(ProviderFactory.java:165)
at org.apache.maven.surefire.booter.ProviderFactory.invokeProvider(ProviderFactory.java:85)
at org.apache.maven.surefire.booter.ForkedBooter.runSuitesInProcess(ForkedBooter.java:115)
at org.apache.maven.surefire.booter.ForkedBooter.main(ForkedBooter.java:75)
]]>
            </full-stacktrace>
          </exception> <!-- java.lang.ArithmeticException -->
          <reporter-output>
          </reporter-output>
        </test-method> <!-- filtrerVodohod -->
        <test-method is-config="true" signature="closeBrowser()[pri:0, instance:ru.qa.ui.TestVodohodAuto@742ff096]" started-at="2020-08-28T15:01:13 MSK" name="closeBrowser" finished-at="2020-08-28T15:01:14 MSK" duration-ms="1202" status="PASS">
          <reporter-output>
          </reporter-output>
        </test-method> <!-- closeBrowser -->
        <test-method is-config="true" signature="springTestContextAfterTestMethod(java.lang.reflect.Method)[pri:0, instance:ru.qa.ui.TestVodohodAuto@742ff096]" started-at="2020-08-28T15:01:14 MSK" name="springTestContextAfterTestMethod" finished-at="2020-08-28T15:01:14 MSK" duration-ms="2" status="PASS">
          <params>
            <param index="0">
              <value>
                <![CDATA[public void ru.qa.ui.TestVodohodAuto.filtrerVodohod() throws java.lang.InterruptedException]]>
              </value>
            </param>
          </params>
          <reporter-output>
          </reporter-output>
        </test-method> <!-- springTestContextAfterTestMethod -->
        <test-method is-config="true" signature="springTestContextAfterTestClass()[pri:0, instance:ru.qa.ui.TestVodohodAuto@742ff096]" started-at="2020-08-28T15:01:14 MSK" name="springTestContextAfterTestClass" finished-at="2020-08-28T15:01:14 MSK" duration-ms="3" status="PASS">
          <reporter-output>
          </reporter-output>
        </test-method> <!-- springTestContextAfterTestClass -->
      </class> <!-- ru.qa.ui.TestVodohodAuto -->
    </test> <!-- Command line test -->
  </suite> <!-- Command line suite -->
</testng-results>
